2021-08-11 08:36:16.991 INFO  [restartedMain]com.high.concurrency.currency02.Currency02Application.logStarting:55 -Starting Currency02Application using Java 1.8.0_302 on suyuzhoudeMacBook-Air.local with PID 1334 (/Users/suyuzhou/project/springboot/currency02/target/classes started by suyuzhou in /Users/suyuzhou/project/springboot/currency02)
2021-08-11 08:36:16.993 INFO  [restartedMain]com.high.concurrency.currency02.Currency02Application.logStartupProfileInfo:659 -No active profile set, falling back to default profiles: default
2021-08-11 08:36:17.030 INFO  [restartedMain]o.s.b.devtools.env.DevToolsPropertyDefaultsPostProcessor.logTo:255 -Devtools property defaults active! Set 'spring.devtools.add-properties' to 'false' to disable
2021-08-11 08:36:17.030 INFO  [restartedMain]o.s.b.devtools.env.DevToolsPropertyDefaultsPostProcessor.logTo:255 -For additional web related logging consider setting the 'logging.level.web' property to 'DEBUG'
2021-08-11 08:36:17.548 INFO  [restartedMain]o.s.boot.web.embedded.tomcat.TomcatWebServer.initialize:108 -Tomcat initialized with port(s): 8080 (http)
2021-08-11 08:36:17.553 INFO  [restartedMain]org.apache.coyote.http11.Http11NioProtocol.log:173 -Initializing ProtocolHandler ["http-nio-8080"]
2021-08-11 08:36:17.554 INFO  [restartedMain]org.apache.catalina.core.StandardService.log:173 -Starting service [Tomcat]
2021-08-11 08:36:17.554 INFO  [restartedMain]org.apache.catalina.core.StandardEngine.log:173 -Starting Servlet engine: [Apache Tomcat/9.0.50]
2021-08-11 08:36:17.581 INFO  [restartedMain]o.a.catalina.core.ContainerBase.[Tomcat].[localhost].[/].log:173 -Initializing Spring embedded WebApplicationContext
2021-08-11 08:36:17.582 INFO  [restartedMain]o.s.b.w.s.context.ServletWebServerApplicationContext.prepareWebApplicationContext:290 -Root WebApplicationContext: initialization completed in 551 ms
2021-08-11 08:36:17.627 INFO  [restartedMain]c.a.d.s.boot.autoconfigure.DruidDataSourceAutoConfigure.dataSource:56 -Init DruidDataSource
2021-08-11 08:36:20.170 INFO  [restartedMain]com.alibaba.druid.pool.DruidDataSource.init:930 -{dataSource-1} inited
2021-08-11 08:36:20.374 INFO  [restartedMain]o.s.boot.devtools.autoconfigure.OptionalLiveReloadServer.startServer:58 -LiveReload server is running on port 35729
2021-08-11 08:36:20.390 INFO  [restartedMain]org.apache.coyote.http11.Http11NioProtocol.log:173 -Starting ProtocolHandler ["http-nio-8080"]
2021-08-11 08:36:20.401 INFO  [restartedMain]o.s.boot.web.embedded.tomcat.TomcatWebServer.start:220 -Tomcat started on port(s): 8080 (http) with context path ''
2021-08-11 08:36:20.407 INFO  [restartedMain]com.high.concurrency.currency02.Currency02Application.logStarted:61 -Started Currency02Application in 23.663 seconds (JVM running for 28.996)
2021-08-11 08:36:44.114 INFO  [http-nio-8080-exec-1]o.a.catalina.core.ContainerBase.[Tomcat].[localhost].[/].log:173 -Initializing Spring DispatcherServlet 'dispatcherServlet'
2021-08-11 08:36:44.114 INFO  [http-nio-8080-exec-1]org.springframework.web.servlet.DispatcherServlet.initServletBean:525 -Initializing Servlet 'dispatcherServlet'
2021-08-11 08:36:44.115 INFO  [http-nio-8080-exec-1]org.springframework.web.servlet.DispatcherServlet.initServletBean:547 -Completed initialization in 0 ms
2021-08-11 08:44:59.239 INFO  [SpringApplicationShutdownHook]com.alibaba.druid.pool.DruidDataSource.close:1825 -{dataSource-1} closed
2021-08-11 08:45:26.613 INFO  [restartedMain]com.high.concurrency.currency02.Currency02Application.logStarting:55 -Starting Currency02Application using Java 1.8.0_302 on suyuzhoudeMacBook-Air.local with PID 1450 (/Users/suyuzhou/project/springboot/currency02/target/classes started by suyuzhou in /Users/suyuzhou/project/springboot/currency02)
2021-08-11 08:45:26.614 INFO  [restartedMain]com.high.concurrency.currency02.Currency02Application.logStartupProfileInfo:659 -No active profile set, falling back to default profiles: default
2021-08-11 08:45:26.651 INFO  [restartedMain]o.s.b.devtools.env.DevToolsPropertyDefaultsPostProcessor.logTo:255 -Devtools property defaults active! Set 'spring.devtools.add-properties' to 'false' to disable
2021-08-11 08:45:26.652 INFO  [restartedMain]o.s.b.devtools.env.DevToolsPropertyDefaultsPostProcessor.logTo:255 -For additional web related logging consider setting the 'logging.level.web' property to 'DEBUG'
2021-08-11 08:45:27.041 INFO  [restartedMain]o.s.boot.web.embedded.tomcat.TomcatWebServer.initialize:108 -Tomcat initialized with port(s): 8080 (http)
2021-08-11 08:45:27.045 INFO  [restartedMain]org.apache.coyote.http11.Http11NioProtocol.log:173 -Initializing ProtocolHandler ["http-nio-8080"]
2021-08-11 08:45:27.046 INFO  [restartedMain]org.apache.catalina.core.StandardService.log:173 -Starting service [Tomcat]
2021-08-11 08:45:27.046 INFO  [restartedMain]org.apache.catalina.core.StandardEngine.log:173 -Starting Servlet engine: [Apache Tomcat/9.0.50]
2021-08-11 08:45:27.066 INFO  [restartedMain]o.a.catalina.core.ContainerBase.[Tomcat].[localhost].[/].log:173 -Initializing Spring embedded WebApplicationContext
2021-08-11 08:45:27.066 INFO  [restartedMain]o.s.b.w.s.context.ServletWebServerApplicationContext.prepareWebApplicationContext:290 -Root WebApplicationContext: initialization completed in 414 ms
2021-08-11 08:45:27.101 INFO  [restartedMain]c.a.d.s.boot.autoconfigure.DruidDataSourceAutoConfigure.dataSource:56 -Init DruidDataSource
2021-08-11 08:45:29.962 INFO  [restartedMain]com.alibaba.druid.pool.DruidDataSource.init:930 -{dataSource-1} inited
2021-08-11 08:45:30.158 INFO  [restartedMain]o.s.boot.devtools.autoconfigure.OptionalLiveReloadServer.startServer:58 -LiveReload server is running on port 35729
2021-08-11 08:45:30.172 INFO  [restartedMain]org.apache.coyote.http11.Http11NioProtocol.log:173 -Starting ProtocolHandler ["http-nio-8080"]
2021-08-11 08:45:30.185 INFO  [restartedMain]o.s.boot.web.embedded.tomcat.TomcatWebServer.start:220 -Tomcat started on port(s): 8080 (http) with context path ''
2021-08-11 08:45:30.191 INFO  [restartedMain]com.high.concurrency.currency02.Currency02Application.logStarted:61 -Started Currency02Application in 23.833 seconds (JVM running for 29.121)
2021-08-11 08:45:37.263 INFO  [http-nio-8080-exec-1]o.a.catalina.core.ContainerBase.[Tomcat].[localhost].[/].log:173 -Initializing Spring DispatcherServlet 'dispatcherServlet'
2021-08-11 08:45:37.263 INFO  [http-nio-8080-exec-1]org.springframework.web.servlet.DispatcherServlet.initServletBean:525 -Initializing Servlet 'dispatcherServlet'
2021-08-11 08:45:37.264 INFO  [http-nio-8080-exec-1]org.springframework.web.servlet.DispatcherServlet.initServletBean:547 -Completed initialization in 1 ms
