2021-08-10 23:30:40.823 INFO  [restartedMain]com.high.concurrency.currency02.Currency02Application.logStarting:55 -Starting Currency02Application using Java 1.8.0_302 on suyuzhoudeMacBook-Air.local with PID 1233 (/Users/suyuzhou/project/springboot/currency02/target/classes started by suyuzhou in /Users/suyuzhou/project/springboot/currency02)
2021-08-10 23:30:40.825 INFO  [restartedMain]com.high.concurrency.currency02.Currency02Application.logStartupProfileInfo:659 -No active profile set, falling back to default profiles: default
2021-08-10 23:30:40.887 INFO  [restartedMain]o.s.b.devtools.env.DevToolsPropertyDefaultsPostProcessor.logTo:255 -Devtools property defaults active! Set 'spring.devtools.add-properties' to 'false' to disable
2021-08-10 23:30:40.887 INFO  [restartedMain]o.s.b.devtools.env.DevToolsPropertyDefaultsPostProcessor.logTo:255 -For additional web related logging consider setting the 'logging.level.web' property to 'DEBUG'
2021-08-10 23:30:41.316 INFO  [restartedMain]o.s.boot.web.embedded.tomcat.TomcatWebServer.initialize:108 -Tomcat initialized with port(s): 8080 (http)
2021-08-10 23:30:41.320 INFO  [restartedMain]org.apache.coyote.http11.Http11NioProtocol.log:173 -Initializing ProtocolHandler ["http-nio-8080"]
2021-08-10 23:30:41.321 INFO  [restartedMain]org.apache.catalina.core.StandardService.log:173 -Starting service [Tomcat]
2021-08-10 23:30:41.321 INFO  [restartedMain]org.apache.catalina.core.StandardEngine.log:173 -Starting Servlet engine: [Apache Tomcat/9.0.50]
2021-08-10 23:30:41.343 INFO  [restartedMain]o.a.catalina.core.ContainerBase.[Tomcat].[localhost].[/].log:173 -Initializing Spring embedded WebApplicationContext
2021-08-10 23:30:41.343 INFO  [restartedMain]o.s.b.w.s.context.ServletWebServerApplicationContext.prepareWebApplicationContext:290 -Root WebApplicationContext: initialization completed in 455 ms
2021-08-10 23:30:41.381 INFO  [restartedMain]c.a.d.s.boot.autoconfigure.DruidDataSourceAutoConfigure.dataSource:56 -Init DruidDataSource
2021-08-10 23:30:42.587 INFO  [restartedMain]com.alibaba.druid.pool.DruidDataSource.init:930 -{dataSource-1} inited
2021-08-10 23:30:42.819 INFO  [restartedMain]o.s.boot.devtools.autoconfigure.OptionalLiveReloadServer.startServer:58 -LiveReload server is running on port 35729
2021-08-10 23:30:42.833 INFO  [restartedMain]org.apache.coyote.http11.Http11NioProtocol.log:173 -Starting ProtocolHandler ["http-nio-8080"]
2021-08-10 23:30:42.845 INFO  [restartedMain]o.s.boot.web.embedded.tomcat.TomcatWebServer.start:220 -Tomcat started on port(s): 8080 (http) with context path ''
2021-08-10 23:30:42.851 INFO  [restartedMain]com.high.concurrency.currency02.Currency02Application.logStarted:61 -Started Currency02Application in 22.326 seconds (JVM running for 27.644)
2021-08-10 23:36:15.439 INFO  [http-nio-8080-exec-2]o.a.catalina.core.ContainerBase.[Tomcat].[localhost].[/].log:173 -Initializing Spring DispatcherServlet 'dispatcherServlet'
2021-08-10 23:36:15.439 INFO  [http-nio-8080-exec-2]org.springframework.web.servlet.DispatcherServlet.initServletBean:525 -Initializing Servlet 'dispatcherServlet'
2021-08-10 23:36:15.440 INFO  [http-nio-8080-exec-2]org.springframework.web.servlet.DispatcherServlet.initServletBean:547 -Completed initialization in 0 ms
2021-08-10 23:44:45.333 INFO  [SpringApplicationShutdownHook]com.alibaba.druid.pool.DruidDataSource.close:1825 -{dataSource-1} closed
